<?xml version="1.0" encoding="UTF-8"?>
<!-- Generated by org.testng.reporters.JUnitReportReporter -->
<testsuite skipped="0" hostname="DESKTOP-IKSOC5C" name="Test" tests="3" failures="0" timestamp="13 Apr 2021 00:18:25 GMT" time="36.666" errors="0">
  <testcase name="openProjects" time="9.610" classname="Test"/>
  <testcase name="createCard" time="17.375" classname="Test"/>
  <testcase name="loginAsRegisteredUser" time="9.681" classname="Test"/>
</testsuite> <!-- Test -->
