<?xml version="1.0" encoding="UTF-8"?>
<!-- Generated by org.testng.reporters.JUnitReportReporter -->
<testsuite skipped="0" hostname="DESKTOP-IKSOC5C" name="Test" tests="3" failures="0" timestamp="13 Apr 2021 14:25:51 GMT" time="33.731" errors="0">
  <testcase name="createCard" time="15.158" classname="Test"/>
  <testcase name="openProjects" time="10.001" classname="Test"/>
  <testcase name="loginAsRegisteredUser" time="8.572" classname="Test"/>
</testsuite> <!-- Test -->
